<?xml version="1.0" encoding="UTF-8"?>
<TestRun id="c329df73-8a96-4e67-9ab3-bc7042c69c6a" name="user@DREXU05 2012-07-16 13:08:10" runUser="DREXU05\user" xmlns="http://microsoft.com/schemas/VisualStudio/TeamTest/2010">
  <TestSettings name="Local" id="28857594-cfa1-4ec2-855a-507aefb1fae8">
    <Description>These are default test settings for a local test run.</Description>
    <Deployment enabled="false" runDeploymentRoot="user_DREXU05 2012-07-16 13_08_10">
      <DeploymentItem filename="C:\Users\user\Documents\Visual Studio 2010\Projects\real-time-multi-user-text-editor\RealServer\RealServer\OperationalTransform\bin\Debug\OperationalTransform.dll" />
    </Deployment>
    <Execution>
      <TestTypeSpecific />
      <AgentRule name="Execution Agents">
      </AgentRule>
    </Execution>
  </TestSettings>
  <Times creation="2012-07-16T13:08:10.8363593-04:00" queuing="2012-07-16T13:08:12.7824706-04:00" start="2012-07-16T13:08:13.0264845-04:00" finish="2012-07-16T13:09:38.9643999-04:00" />
  <ResultSummary outcome="Error">
    <Counters total="1" error="0" failed="0" timeout="0" aborted="0" inconclusive="0" passedButRunAborted="0" notRunnable="0" notExecuted="0" disconnected="0" warning="0" passed="0" completed="0" inProgress="0" pending="0" />
    <RunInfos>
      <RunInfo computerName="DREXU05" outcome="Error" timestamp="2012-07-16T13:09:38.9583995-04:00">
        <Text>Test host process exited unexpectedly.</Text>
      </RunInfo>
    </RunInfos>
  </ResultSummary>
  <TestDefinitions>
    <UnitTest name="TestMethod1" storage="c:\users\user\documents\visual studio 2010\projects\real-time-multi-user-text-editor\realserver\realserver\testproject1\bin\debug\testproject1.dll" id="65204d5d-4bf8-e47c-db5c-567c81595e03">
      <Execution id="5ee8d14a-de0f-467c-a807-21cdd57385ad" />
      <TestMethod codeBase="C:/Users/user/Documents/Visual Studio 2010/Projects/real-time-multi-user-text-editor/RealServer/RealServer/TestProject1/bin/Debug/TestProject1.DLL" adapterTypeName="Microsoft.VisualStudio.TestTools.TestTypes.Unit.UnitTestAdapter, Microsoft.VisualStudio.QualityTools.Tips.UnitTest.Adapter, Version=10.0.0.0, Culture=neutral, PublicKeyToken=b03f5f7f11d50a3a" className="TestProject1.TextTransformTest, TestProject1, Version=1.0.0.0, Culture=neutral, PublicKeyToken=null" name="TestMethod1" />
    </UnitTest>
  </TestDefinitions>
  <TestLists>
    <TestList name="Results Not in a List" id="8c84fa94-04c1-424b-9868-57a2d4851a1d" />
    <TestList name="All Loaded Results" id="19431567-8539-422a-85d7-44ee4e166bda" />
  </TestLists>
  <TestEntries>
    <TestEntry testId="65204d5d-4bf8-e47c-db5c-567c81595e03" executionId="5ee8d14a-de0f-467c-a807-21cdd57385ad" testListId="8c84fa94-04c1-424b-9868-57a2d4851a1d" />
  </TestEntries>
  <Results>
    <UnitTestResult executionId="5ee8d14a-de0f-467c-a807-21cdd57385ad" testId="65204d5d-4bf8-e47c-db5c-567c81595e03" testName="TestMethod1" computerName="DREXU05" duration="00:00:41.1688228" startTime="2012-07-16T13:08:13.1824934-04:00" testType="13cdc9d9-ddb5-4fa4-a97d-d965ccfc6d4b" outcome="Failed" testListId="8c84fa94-04c1-424b-9868-57a2d4851a1d" relativeResultsDirectory="5ee8d14a-de0f-467c-a807-21cdd57385ad">
      <Output>
        <ErrorInfo>
          <Message>Assert.AreEqual failed. Expected:&lt;HiHi There&gt;. Actual:&lt;Hi&gt;. </Message>
          <StackTrace>   at TestProject1.TextTransformTest.TestMethod1() in C:\Users\user\Documents\Visual Studio 2010\Projects\real-time-multi-user-text-editor\RealServer\RealServer\TestProject1\TextTransformTest.cs:line 18
</StackTrace>
        </ErrorInfo>
      </Output>
    </UnitTestResult>
  </Results>
</TestRun>