<?xml version="1.0" encoding="UTF-8"?>
<TestRun id="b75c7160-d658-4f0c-9987-f1c7ff19e4f0" name="user@DREXU05 2012-07-16 13:14:47" runUser="DREXU05\user" xmlns="http://microsoft.com/schemas/VisualStudio/TeamTest/2010">
  <TestSettings name="Local" id="28857594-cfa1-4ec2-855a-507aefb1fae8">
    <Description>These are default test settings for a local test run.</Description>
    <Deployment enabled="false" runDeploymentRoot="user_DREXU05 2012-07-16 13_14_47">
      <DeploymentItem filename="C:\Users\user\Documents\Visual Studio 2010\Projects\real-time-multi-user-text-editor\RealServer\RealServer\OperationalTransform\bin\Debug\OperationalTransform.dll" />
    </Deployment>
    <Execution>
      <TestTypeSpecific />
      <AgentRule name="Execution Agents">
      </AgentRule>
    </Execution>
  </TestSettings>
  <Times creation="2012-07-16T13:14:47.1260257-04:00" queuing="2012-07-16T13:14:47.5740513-04:00" start="2012-07-16T13:14:47.6360549-04:00" finish="2012-07-16T13:14:48.1380836-04:00" />
  <ResultSummary outcome="Completed">
    <Counters total="1" executed="1" passed="1" error="0" failed="0" timeout="0" aborted="0" inconclusive="0" passedButRunAborted="0" notRunnable="0" notExecuted="0" disconnected="0" warning="0" completed="0" inProgress="0" pending="0" />
  </ResultSummary>
  <TestDefinitions>
    <UnitTest name="TestMethod1" storage="c:\users\user\documents\visual studio 2010\projects\real-time-multi-user-text-editor\realserver\realserver\testproject1\bin\debug\testproject1.dll" id="65204d5d-4bf8-e47c-db5c-567c81595e03">
      <Execution id="68829da2-1454-4e25-ae90-f1f211b352bb" />
      <TestMethod codeBase="C:/Users/user/Documents/Visual Studio 2010/Projects/real-time-multi-user-text-editor/RealServer/RealServer/TestProject1/bin/Debug/TestProject1.DLL" adapterTypeName="Microsoft.VisualStudio.TestTools.TestTypes.Unit.UnitTestAdapter, Microsoft.VisualStudio.QualityTools.Tips.UnitTest.Adapter, Version=10.0.0.0, Culture=neutral, PublicKeyToken=b03f5f7f11d50a3a" className="TestProject1.TextTransformTest, TestProject1, Version=1.0.0.0, Culture=neutral, PublicKeyToken=null" name="TestMethod1" />
    </UnitTest>
  </TestDefinitions>
  <TestLists>
    <TestList name="Results Not in a List" id="8c84fa94-04c1-424b-9868-57a2d4851a1d" />
    <TestList name="All Loaded Results" id="19431567-8539-422a-85d7-44ee4e166bda" />
  </TestLists>
  <TestEntries>
    <TestEntry testId="65204d5d-4bf8-e47c-db5c-567c81595e03" executionId="68829da2-1454-4e25-ae90-f1f211b352bb" testListId="8c84fa94-04c1-424b-9868-57a2d4851a1d" />
  </TestEntries>
  <Results>
    <UnitTestResult executionId="68829da2-1454-4e25-ae90-f1f211b352bb" testId="65204d5d-4bf8-e47c-db5c-567c81595e03" testName="TestMethod1" computerName="DREXU05" duration="00:00:00.0325798" startTime="2012-07-16T13:14:47.6520558-04:00" endTime="2012-07-16T13:14:48.1050817-04:00" testType="13cdc9d9-ddb5-4fa4-a97d-d965ccfc6d4b" outcome="Passed" testListId="8c84fa94-04c1-424b-9868-57a2d4851a1d" relativeResultsDirectory="68829da2-1454-4e25-ae90-f1f211b352bb">
    </UnitTestResult>
  </Results>
</TestRun>